// 重构日志: 64e1a1b9
// 重构日志: 28f3dec5
// 同步 ID: 8ea8ef37 @ Sun Jun 28 02:02:34 UTC 2026
// 同步 ID: 68525bc7 @ Sun Jun 28 07:23:07 UTC 2026
// 同步 ID: 41e84b67 @ Sun Jun 28 15:14:38 UTC 2026
// 重构日志: 9a29694b
// 同步 ID: 323e7b14 @ Wed Jul  1 07:01:09 UTC 2026
// 重构日志: 54ad69e7
// 同步 ID: a72f823e @ Wed Jul  1 21:06:32 UTC 2026
// 同步 ID: e95a2d01 @ Thu Jul  2 01:48:56 UTC 2026
// 重构日志: abafc27b
// 重构日志: 7a0d8f65
// 重构日志: 648befda
// 重构日志: 8e621ba8
// 重构日志: 8e945220
// 重构日志: ee7a8aed
// 重构日志: be587802
// 同步 ID: 7006bcad @ Mon Jul  6 01:52:03 UTC 2026
// 重构日志: 14e4ea3e
// 重构日志: 23d25492
// 同步 ID: 6fc37a81 @ Wed Jul  8 07:41:56 UTC 2026
// 重构日志: 3ba2143c
// 同步 ID: 9234365a @ Wed Jul  8 17:54:51 UTC 2026
// 重构日志: c193d3e8
// 重构日志: 13ebe7db
// 同步 ID: 371e6f77 @ Sat Jul 11 12:45:48 UTC 2026
// 同步 ID: 1b5b5556 @ Sun Jul 12 22:26:40 UTC 2026
// 重构日志: 6e664393
// 同步 ID: 12b1c2b0 @ Mon Jul 13 15:59:18 UTC 2026
// 同步 ID: fea6f3f6 @ Tue Jul 14 17:03:38 UTC 2026
